2019-03-20 18:00:42,180 - 贷后自动化测试 - INFO - 验证新进订单，进单日期为当前日期，进行划扣操作；
2019-03-20 18:00:42,180 - 贷后自动化测试 - INFO - 1、使用接口进单；
2019-03-20 18:00:46,726 - 贷后自动化测试 - INFO - 2、获取订单相关信息，验证金额、客户名、当前贷款期限、当前还款信息等是否正确；
2019-03-20 18:00:47,720 - 贷后自动化测试 - ERROR - 进单客户和订单实际客户正确
2019-03-20 18:00:48,269 - 贷后自动化测试 - ERROR - 贷款金额正确
2019-03-20 18:00:49,969 - 贷后自动化测试 - ERROR - 订单当前还款信息为0
2019-03-20 18:01:19,480 - 贷后自动化测试 - ERROR - 更新银行卡成功
2019-03-20 18:01:19,480 - 贷后自动化测试 - INFO - 3、还款管理页面，进入划扣页面，进行划扣操作；
2019-03-20 18:01:35,812 - 贷后自动化测试 - ERROR - 元素存在2个，截图，并终止当前用例,//*[@name = "tTableDeductWaitEJ"]/div/div[2]/table/tbody/tr[1]/td[9]/div/span
2019-03-20 18:01:41,219 - 贷后自动化测试 - ERROR - 元素存在3个，截图，并终止当前用例,//*[@name = "tFormDeductManageClaim"]/div[5]/div/div/div[2]/ul[2]
2019-03-20 18:01:49,463 - 贷后自动化测试 - ERROR - 订单应还总额正确
2019-03-20 18:01:49,463 - 贷后自动化测试 - INFO - 3.1、还款管理页面，应还金额等于贷前费用总额；
2019-03-20 18:01:49,463 - 贷后自动化测试 - ERROR - 预划扣金额正确
2019-03-20 18:01:49,463 - 贷后自动化测试 - INFO - 3.2、还款管理页面，预还款金额等于0；
2019-03-20 18:01:49,463 - 贷后自动化测试 - ERROR - 提交资方划扣任务成功
2019-03-20 18:01:49,463 - 贷后自动化测试 - INFO - 3.3、还款管理页面，提交划扣任务成功；
2019-03-20 18:03:35,404 - 贷后自动化测试 - INFO - {u'\u9884\u5212\u6263\u72b6\u6001': u'\u6263\u6b3e\u5931\u8d25', u'\u5b9e\u9645\u6263\u6b3e\u989d': u'0.00', u'\u9884\u5212\u6263\u91d1\u989d': u'100.00'}
2019-03-20 18:03:35,404 - 贷后自动化测试 - INFO - 划扣历史页面，划扣失败，重新进行划扣操作
2019-03-20 18:03:51,779 - 贷后自动化测试 - ERROR - 元素存在2个，截图，并终止当前用例,//*[@name = "tTableDeductWaitEJ"]/div/div[2]/table/tbody/tr[1]/td[9]/div/span
2019-03-20 18:03:57,098 - 贷后自动化测试 - ERROR - 元素存在3个，截图，并终止当前用例,//*[@name = "tFormDeductManageClaim"]/div[5]/div/div/div[2]/ul[2]
2019-03-20 18:04:05,358 - 贷后自动化测试 - ERROR - 提交资方划扣任务成功
2019-03-20 18:04:05,358 - 贷后自动化测试 - INFO - 第0次划扣，还款管理页面，提交划扣任务成功
2019-03-20 18:04:44,927 - 贷后自动化测试 - INFO - 订单划扣结果成功；
2019-03-20 18:04:59,987 - 贷后自动化测试 - INFO - {u'\u9884\u5212\u6263\u72b6\u6001': u'\u6263\u6b3e\u5931\u8d25', u'\u5b9e\u9645\u6263\u6b3e\u989d': u'0.00', u'\u9884\u5212\u6263\u91d1\u989d': u'100.00'}
2019-03-20 18:04:59,987 - 贷后自动化测试 - INFO - 划扣历史页面，划扣失败，重新进行划扣操作
2019-03-20 18:05:16,543 - 贷后自动化测试 - ERROR - 元素存在2个，截图，并终止当前用例,//*[@name = "tTableDeductWaitEJ"]/div/div[2]/table/tbody/tr[1]/td[9]/div/span
2019-03-20 18:05:21,903 - 贷后自动化测试 - ERROR - 元素存在3个，截图，并终止当前用例,//*[@name = "tFormDeductManageClaim"]/div[5]/div/div/div[2]/ul[2]
2019-03-20 18:05:30,145 - 贷后自动化测试 - ERROR - 提交资方划扣任务成功
2019-03-20 18:05:30,145 - 贷后自动化测试 - INFO - 第1次划扣，还款管理页面，提交划扣任务成功
2019-03-20 18:07:00,719 - 贷后自动化测试 - INFO - 订单划扣结果成功；
2019-03-20 18:07:15,760 - 贷后自动化测试 - INFO - {u'\u9884\u5212\u6263\u72b6\u6001': u'\u6263\u6b3e\u6210\u529f', u'\u5b9e\u9645\u6263\u6b3e\u989d': u'100.00', u'\u9884\u5212\u6263\u91d1\u989d': u'100.00'}
2019-03-20 18:07:15,760 - 贷后自动化测试 - INFO - 3.4、划扣历史页面，划扣成功
2019-03-20 18:07:15,760 - 贷后自动化测试 - INFO - 4、进入订单详情页，检查还款信息以及服务费清单数据是否正确；
2019-03-20 18:07:19,611 - 贷后自动化测试 - ERROR - 订单详情页，还款记录正确
2019-03-20 18:07:20,157 - 贷后自动化测试 - ERROR - 订单详情页，还款记录为服务费划扣，结果正确
2019-03-20 18:07:20,734 - 贷后自动化测试 - ERROR - 订单详情页，还款金额正确
2019-03-20 18:07:24,164 - 贷后自动化测试 - ERROR - 订单详情页，服务费清单还款正确
2019-03-20 18:07:38,016 - 贷后自动化测试 - INFO - 验证新进订单，进单日期为一个月前日期，进行划扣（第一期期收和贷前费用）操作；
2019-03-20 18:07:38,016 - 贷后自动化测试 - INFO - 1、使用接口进单；
2019-03-20 18:07:42,681 - 贷后自动化测试 - INFO - 2、获取订单相关信息，验证金额、客户名、当前贷款期限、当前还款信息等是否正确；
2019-03-20 18:07:43,676 - 贷后自动化测试 - ERROR - 订单客户名正确；
2019-03-20 18:07:44,226 - 贷后自动化测试 - ERROR - 贷款金额正确
2019-03-20 18:07:45,936 - 贷后自动化测试 - ERROR - 当前还款信息为0，正确
2019-03-20 18:08:24,891 - 贷后自动化测试 - ERROR - 更新银行卡成功
2019-03-20 18:08:24,891 - 贷后自动化测试 - INFO - 3、还款管理页面，进入划扣页面，进行划扣操作，划扣金额为第一期期还和贷前费用和；
2019-03-20 18:08:41,177 - 贷后自动化测试 - ERROR - 元素存在2个，截图，并终止当前用例,//*[@name = "tTableDeductWaitEJ"]/div/div[2]/table/tbody/tr[1]/td[9]/div/span
2019-03-20 18:08:46,621 - 贷后自动化测试 - ERROR - 元素存在3个，截图，并终止当前用例,//*[@name = "tFormDeductManageClaim"]/div[5]/div/div/div[2]/ul[2]
2019-03-20 18:08:54,924 - 贷后自动化测试 - ERROR - 应还金额等于贷前费用和第一期期收金额和，正确
2019-03-20 18:08:54,924 - 贷后自动化测试 - INFO - 3.1、还款管理页面，应还金额等于贷前费用和第一期期收金额和；
2019-03-20 18:08:54,924 - 贷后自动化测试 - ERROR - 还款管理页面，预还款金额等于0,正确
2019-03-20 18:08:54,924 - 贷后自动化测试 - INFO - 3.2、还款管理页面，预还款金额等于0；
2019-03-20 18:08:54,924 - 贷后自动化测试 - ERROR - 还款管理页面，提交划扣任务成功
2019-03-20 18:08:54,924 - 贷后自动化测试 - INFO - 3.3、还款管理页面，提交划扣任务成功；
2019-03-20 18:11:30,878 - 贷后自动化测试 - INFO - {u'\u9884\u5212\u6263\u72b6\u6001': u'\u6263\u6b3e\u5931\u8d25', u'\u5b9e\u9645\u6263\u6b3e\u989d': u'0.00', u'\u9884\u5212\u6263\u91d1\u989d': u'34,070.00'}
2019-03-20 18:11:30,878 - 贷后自动化测试 - INFO - 划扣历史页面，划扣失败，重新进行划扣操作
2019-03-20 18:11:47,276 - 贷后自动化测试 - ERROR - 元素存在2个，截图，并终止当前用例,//*[@name = "tTableDeductWaitEJ"]/div/div[2]/table/tbody/tr[1]/td[9]/div/span
2019-03-20 18:11:52,789 - 贷后自动化测试 - ERROR - 元素存在3个，截图，并终止当前用例,//*[@name = "tFormDeductManageClaim"]/div[5]/div/div/div[2]/ul[2]
2019-03-20 18:12:01,035 - 贷后自动化测试 - ERROR - 还款管理页面，提交划扣任务成功
2019-03-20 18:12:01,035 - 贷后自动化测试 - INFO - 第0次划扣，还款管理页面，提交划扣任务成功
2019-03-20 18:12:40,661 - 贷后自动化测试 - INFO - 订单划扣结果成功；
2019-03-20 18:12:55,548 - 贷后自动化测试 - INFO - {u'\u9884\u5212\u6263\u72b6\u6001': u'\u6263\u6b3e\u5931\u8d25', u'\u5b9e\u9645\u6263\u6b3e\u989d': u'0.00', u'\u9884\u5212\u6263\u91d1\u989d': u'34,070.00'}
2019-03-20 18:12:55,548 - 贷后自动化测试 - INFO - 划扣历史页面，划扣失败，重新进行划扣操作
2019-03-20 18:13:12,020 - 贷后自动化测试 - ERROR - 元素存在2个，截图，并终止当前用例,//*[@name = "tTableDeductWaitEJ"]/div/div[2]/table/tbody/tr[1]/td[9]/div/span
2019-03-20 18:13:17,398 - 贷后自动化测试 - ERROR - 元素存在3个，截图，并终止当前用例,//*[@name = "tFormDeductManageClaim"]/div[5]/div/div/div[2]/ul[2]
2019-03-20 18:13:25,584 - 贷后自动化测试 - ERROR - 还款管理页面，提交划扣任务成功
2019-03-20 18:13:25,584 - 贷后自动化测试 - INFO - 第1次划扣，还款管理页面，提交划扣任务成功
2019-03-20 18:14:30,627 - 贷后自动化测试 - INFO - 订单划扣结果成功；
2019-03-20 18:14:45,604 - 贷后自动化测试 - INFO - {u'\u9884\u5212\u6263\u72b6\u6001': u'\u6263\u6b3e\u5931\u8d25', u'\u5b9e\u9645\u6263\u6b3e\u989d': u'0.00', u'\u9884\u5212\u6263\u91d1\u989d': u'34,070.00'}
2019-03-20 18:14:45,605 - 贷后自动化测试 - INFO - 划扣历史页面，划扣失败，重新进行划扣操作
2019-03-20 18:15:02,194 - 贷后自动化测试 - ERROR - 元素存在2个，截图，并终止当前用例,//*[@name = "tTableDeductWaitEJ"]/div/div[2]/table/tbody/tr[1]/td[9]/div/span
2019-03-20 18:15:07,525 - 贷后自动化测试 - ERROR - 元素存在3个，截图，并终止当前用例,//*[@name = "tFormDeductManageClaim"]/div[5]/div/div/div[2]/ul[2]
2019-03-20 18:15:15,709 - 贷后自动化测试 - ERROR - 还款管理页面，提交划扣任务成功
2019-03-20 18:15:15,709 - 贷后自动化测试 - INFO - 第2次划扣，还款管理页面，提交划扣任务成功
2019-03-20 18:17:11,457 - 贷后自动化测试 - INFO - 订单划扣结果成功；
2019-03-20 18:17:26,431 - 贷后自动化测试 - INFO - {u'\u9884\u5212\u6263\u72b6\u6001': u'\u6263\u6b3e\u5931\u8d25', u'\u5b9e\u9645\u6263\u6b3e\u989d': u'0.00', u'\u9884\u5212\u6263\u91d1\u989d': u'34,070.00'}
2019-03-20 18:17:26,431 - 贷后自动化测试 - INFO - 划扣历史页面，划扣失败，重新进行划扣操作
2019-03-20 18:17:42,861 - 贷后自动化测试 - ERROR - 元素存在2个，截图，并终止当前用例,//*[@name = "tTableDeductWaitEJ"]/div/div[2]/table/tbody/tr[1]/td[9]/div/span
2019-03-20 18:17:48,293 - 贷后自动化测试 - ERROR - 元素存在3个，截图，并终止当前用例,//*[@name = "tFormDeductManageClaim"]/div[5]/div/div/div[2]/ul[2]
2019-03-20 18:17:56,530 - 贷后自动化测试 - ERROR - 还款管理页面，提交划扣任务成功
2019-03-20 18:17:56,530 - 贷后自动化测试 - INFO - 第3次划扣，还款管理页面，提交划扣任务成功
2019-03-20 18:19:01,362 - 贷后自动化测试 - INFO - 订单划扣结果成功；
2019-03-20 18:19:16,210 - 贷后自动化测试 - INFO - {u'\u9884\u5212\u6263\u72b6\u6001': u'\u6263\u6b3e\u5931\u8d25', u'\u5b9e\u9645\u6263\u6b3e\u989d': u'0.00', u'\u9884\u5212\u6263\u91d1\u989d': u'34,070.00'}
2019-03-20 18:19:16,210 - 贷后自动化测试 - INFO - 划扣历史页面，划扣失败，重新进行划扣操作
2019-03-20 18:19:32,539 - 贷后自动化测试 - ERROR - 元素存在2个，截图，并终止当前用例,//*[@name = "tTableDeductWaitEJ"]/div/div[2]/table/tbody/tr[1]/td[9]/div/span
2019-03-20 18:19:38,421 - 贷后自动化测试 - ERROR - 元素存在3个，截图，并终止当前用例,//*[@name = "tFormDeductManageClaim"]/div[5]/div/div/div[2]/ul[2]
2019-03-20 18:19:46,654 - 贷后自动化测试 - ERROR - 还款管理页面，提交划扣任务成功
2019-03-20 18:19:46,654 - 贷后自动化测试 - INFO - 第4次划扣，还款管理页面，提交划扣任务成功
2019-03-20 18:21:16,717 - 贷后自动化测试 - INFO - 订单划扣结果成功；
2019-03-20 18:21:31,778 - 贷后自动化测试 - INFO - {u'\u9884\u5212\u6263\u72b6\u6001': u'\u6263\u6b3e\u6210\u529f', u'\u5b9e\u9645\u6263\u6b3e\u989d': u'34,070.00', u'\u9884\u5212\u6263\u91d1\u989d': u'34,070.00'}
2019-03-20 18:21:31,778 - 贷后自动化测试 - INFO - 3.4、划扣历史页面，划扣成功
2019-03-20 18:21:31,779 - 贷后自动化测试 - INFO - 4、进入订单详情页，检查还款信息以及服务费清单数据是否正确；
2019-03-20 18:21:35,499 - 贷后自动化测试 - ERROR - 还款记录显示为1，正确；
2019-03-20 18:21:36,046 - 贷后自动化测试 - ERROR - 还款记录还款方式为服务方划扣，正确
2019-03-20 18:21:36,595 - 贷后自动化测试 - ERROR - 还款记录中，还款金额正确；
2019-03-20 18:21:40,013 - 贷后自动化测试 - ERROR - 贷前服务费，期收和实收相等，正确
2019-03-20 18:21:50,423 - 贷后自动化测试 - ERROR - 易捷表，一期实还和待还相等，正确；
2019-03-20 18:22:04,349 - 贷后自动化测试 - INFO - 验证新进订单，进行资方划扣操作；
2019-03-20 18:22:04,349 - 贷后自动化测试 - INFO - 1、使用接口进单；
2019-03-20 18:22:08,946 - 贷后自动化测试 - INFO - 2、获取订单相关信息，验证金额、客户名、当前贷款期限、当前还款信息等是否正确；
2019-03-20 18:22:09,917 - 贷后自动化测试 - ERROR - 订单客户姓名正确
2019-03-20 18:22:10,466 - 贷后自动化测试 - ERROR - 订单金额正确
2019-03-20 18:22:12,174 - 贷后自动化测试 - ERROR - 还款信息表，当前还款信息为0，正确
2019-03-20 18:22:51,089 - 贷后自动化测试 - INFO - 3、还款管理页面，进入划扣页面，进行划扣操作，划扣金额为第一期期还和贷前费用和；
2019-03-20 18:23:19,923 - 贷后自动化测试 - ERROR - 应还金额等于贷前费用和第一期期收金额和，正确；
2019-03-20 18:23:19,923 - 贷后自动化测试 - INFO - 3.1、还款管理页面，应还金额等于贷前费用和第一期期收金额和；
2019-03-20 18:23:19,923 - 贷后自动化测试 - ERROR - 划扣页面，预划扣金额为0，正确；
2019-03-20 18:23:19,923 - 贷后自动化测试 - INFO - 3.2、还款管理页面，预还款金额等于0；
2019-03-20 18:23:19,923 - 贷后自动化测试 - ERROR - 提交资方划扣任务成功，正确；
2019-03-20 18:23:19,923 - 贷后自动化测试 - INFO - 3.3、还款管理页面，提交划扣任务成功；
2019-03-20 18:25:02,729 - 贷后自动化测试 - INFO - {u'\u9884\u5212\u6263\u72b6\u6001': u'\u6263\u6b3e\u5931\u8d25', u'\u5b9e\u9645\u6263\u6b3e\u989d': u'0.00', u'\u9884\u5212\u6263\u91d1\u989d': u'2,150.00'}
2019-03-20 18:25:02,729 - 贷后自动化测试 - INFO - 划扣历史页面，划扣失败，重新进行划扣操作
2019-03-20 18:25:31,490 - 贷后自动化测试 - ERROR - 提交资方划扣任务成功，正确；
2019-03-20 18:25:31,490 - 贷后自动化测试 - INFO - 第0次划扣，还款管理页面，提交划扣任务成功
2019-03-20 18:27:45,098 - 贷后自动化测试 - INFO - 订单划扣结果成功；
2019-03-20 18:28:00,546 - 贷后自动化测试 - INFO - {u'\u9884\u5212\u6263\u72b6\u6001': u'\u6263\u6b3e\u6210\u529f', u'\u5b9e\u9645\u6263\u6b3e\u989d': u'2,150.00', u'\u9884\u5212\u6263\u91d1\u989d': u'2,150.00'}
2019-03-20 18:28:00,546 - 贷后自动化测试 - INFO - 3.4、划扣历史页面，划扣成功
2019-03-20 18:28:00,546 - 贷后自动化测试 - INFO - 4、进入订单详情页，检查还款信息以及服务费清单数据是否正确；
2019-03-20 18:28:04,220 - 贷后自动化测试 - ERROR - 还款记录列表，还款记录为1，正确；
2019-03-20 18:28:04,766 - 贷后自动化测试 - ERROR - 还款记录列表，还款方式为资方划扣，正确；
2019-03-20 18:28:05,313 - 贷后自动化测试 - ERROR - 还款记录列表，还款金额等于划扣金额，正确；
2019-03-20 18:28:08,739 - 贷后自动化测试 - ERROR - 贷前费用期收等于实收，正确；
2019-03-20 18:28:18,739 - 贷后自动化测试 - ERROR - 易捷表，第一期期还和实还相等，正确；
